2025-05-24 18:57:44,142 - INFO - === 정책 동기화 시작 ===
2025-05-24 18:57:44,142 - INFO - 서울시 API에서 정책 데이터 가져오기 시작...
2025-05-24 18:57:44,297 - INFO - 총 정책 개수: 142
2025-05-24 18:57:44,298 - INFO - 100개 데이터 추가됨 (현재까지 100개)
2025-05-24 18:57:44,946 - INFO - 42개 데이터 추가됨 (현재까지 142개)
2025-05-24 18:57:44,946 - INFO - 데이터 가져오기 완료. 총 142개
2025-05-24 18:57:44,982 - INFO - DB 저장 시작... (142개)
2025-05-24 18:57:44,997 - INFO - 기존 정책 142개 조회됨
2025-05-24 18:57:45,003 - INFO - 정책 업데이트: 서울키즈 오케이존
2025-05-24 18:57:45,004 - INFO - 정책 업데이트: 서울맘 찾아가는 행복 수유 지원(사업종료)
2025-05-24 18:57:45,006 - INFO - 정책 업데이트: 서울시 남녀 임신준비 지원(건강관리 프로그램)(사업종료)
2025-05-24 18:57:45,007 - INFO - 정책 업데이트: 서울시 난임·임산부심리상담센터 운영
2025-05-24 18:57:45,008 - INFO - 정책 업데이트: 35세 이상 임산부 외래 진료 및 검사비 지원
2025-05-24 18:57:45,009 - INFO - 정책 업데이트: 35세 이상 임산부 의료비 지원
2025-05-24 18:57:45,010 - INFO - 정책 업데이트: 산모·신생아 건강관리 서비스 지원
2025-05-24 18:57:45,010 - INFO - 정책 업데이트: 산후 우울증 정신건강 서비스
2025-05-24 18:57:45,011 - INFO - 정책 업데이트: 서울형 강소기업 지원
2025-05-24 18:57:45,012 - INFO - 정책 업데이트: 초등돌봄시설 공공성 강화(지역아동센터)
2025-05-24 18:57:45,013 - INFO - 정책 업데이트: 부모급여
2025-05-24 18:57:45,013 - INFO - 정책 업데이트: 가족배려주차장
2025-05-24 18:57:45,014 - INFO - 정책 업데이트: 서울맘 찾아가는 행복 수유 지원
2025-05-24 18:57:45,015 - INFO - 정책 업데이트: 서울아기 건강 첫걸음
2025-05-24 18:57:45,016 - INFO - 정책 업데이트: 서울형 新일‧생활 균형 3종 패키지
2025-05-24 18:57:45,017 - INFO - 정책 업데이트: 육아 지원 코디네이터 운영(사업종료)
2025-05-24 18:57:45,018 - INFO - 정책 업데이트: 결혼 공감 토크 콘서트(사업종료)
2025-05-24 18:57:45,019 - INFO - 정책 업데이트: 서울키즈오케이존
2025-05-24 18:57:45,022 - INFO - 정책 업데이트: 난임부부 지원
2025-05-24 18:57:45,022 - INFO - 정책 업데이트: 엄마 북(Book)돋움 사업
2025-05-24 18:57:45,023 - INFO - 정책 업데이트: 우먼업 고용촉진지원금
2025-05-24 18:57:45,024 - INFO - 정책 업데이트: 서울형 난임부부 시술비 지원
2025-05-24 18:57:45,025 - INFO - 정책 업데이트: 거점형 야간보육
2025-05-24 18:57:45,026 - INFO - 정책 업데이트: 우리동네키움센터
2025-05-24 18:57:45,027 - INFO - 정책 업데이트: 서울 난자동결 시술 비용 지원
2025-05-24 18:57:45,027 - INFO - 정책 업데이트: 서울아이발달지원센터
2025-05-24 18:57:45,028 - INFO - 정책 업데이트: 서울시 북스타트 엄마 북(Book)돋움 사업
2025-05-24 18:57:45,029 - INFO - 정책 업데이트: 서울형 강소기업 지원(사업종료)
2025-05-24 18:57:45,029 - INFO - 정책 업데이트: 우먼업 고용장려금
2025-05-24 18:57:45,030 - INFO - 정책 업데이트: 가정행복 도시락·밀키트 할인
2025-05-24 18:57:45,031 - INFO - 정책 업데이트: 엄마아빠 힐링 문화 프로그램
2025-05-24 18:57:45,032 - INFO - 정책 업데이트: 병원동행 아이돌봄서비스
2025-05-24 18:57:45,033 - INFO - 정책 업데이트: 다태아 안심 보험 지원
2025-05-24 18:57:45,034 - INFO - 정책 업데이트: 서울형 산모 산후조리경비 지원
2025-05-24 18:57:45,036 - INFO - 정책 업데이트: 지역아동센터
2025-05-24 18:57:45,038 - INFO - 정책 업데이트: 첫만남이용권
2025-05-24 18:57:45,039 - INFO - 정책 업데이트: 서울형모아어린이집
2025-05-24 18:57:45,040 - INFO - 정책 업데이트: 시간제 보육
2025-05-24 18:57:45,041 - INFO - 정책 업데이트: 정·난관 복원 시술비 지원
2025-05-24 18:57:45,042 - INFO - 정책 업데이트: 가정양육수당
2025-05-24 18:57:45,042 - INFO - 정책 업데이트: 육아휴직장려금
2025-05-24 18:57:45,043 - INFO - 정책 업데이트: 병원동행 전담 아이돌봄서비스
2025-05-24 18:57:45,044 - INFO - 정책 업데이트: 외국인 가사관리사 시범사업(연장)
2025-05-24 18:57:45,045 - INFO - 정책 업데이트: 서울권역 난임·우울증 상담센터 운영
2025-05-24 18:57:45,046 - INFO - 정책 업데이트: 서울형 육아휴직장려금
2025-05-24 18:57:45,047 - INFO - 정책 업데이트: 아픈아이 전담 아이돌봄서비스
2025-05-24 18:57:45,048 - INFO - 정책 업데이트: 외국인 가사관리사 시범사업
2025-05-24 18:57:45,048 - INFO - 정책 업데이트: 양육코칭센터
2025-05-24 18:57:45,049 - INFO - 정책 업데이트: 우리동네키움센터 방학중 중식 무료제공
2025-05-24 18:57:45,050 - INFO - 정책 업데이트: 다문화 보육료
2025-05-24 18:57:45,050 - INFO - 정책 업데이트: 탄생응원 서울축제(2024년)
2025-05-24 18:57:45,051 - INFO - 정책 업데이트: 다둥이 행복카드
2025-05-24 18:57:45,052 - INFO - 정책 업데이트: 서울형 가사서비스
2025-05-24 18:57:45,054 - INFO - 정책 업데이트: 365열린어린이집
2025-05-24 18:57:45,055 - INFO - 정책 업데이트: 시간제 보육 (정부형)
2025-05-24 18:57:45,056 - INFO - 정책 업데이트: 청소년 부모 양육비 지원 확대
2025-05-24 18:57:45,056 - INFO - 정책 업데이트: 서울시 소상공인 휴업손실비용 지원사업
2025-05-24 18:57:45,057 - INFO - 정책 업데이트: 가족화장실
2025-05-24 18:57:45,058 - INFO - 정책 업데이트: 35세 이상 산모 검사비 지원
2025-05-24 18:57:45,059 - INFO - 정책 업데이트: 서울시 남녀 임신준비 지원(건강관리 프로그램)
2025-05-24 18:57:45,060 - INFO - 정책 업데이트: 서울시 한의약 난임치료 지원
2025-05-24 18:57:45,061 - INFO - 정책 업데이트: 주말어린이집
2025-05-24 18:57:45,061 - INFO - 정책 업데이트: 엄마 북돋움
2025-05-24 18:57:45,063 - INFO - 정책 업데이트: 행복맘 지원 건강 플랫폼 운영
2025-05-24 18:57:45,064 - INFO - 정책 업데이트: 육아 지원 코디네이터 운영
2025-05-24 18:57:45,065 - INFO - 정책 업데이트: 휴일보육
2025-05-24 18:57:45,065 - INFO - 정책 업데이트: 초등돌봄교실
2025-05-24 18:57:45,066 - INFO - 정책 업데이트: 자녀출산 무주택가구 주거비 지원
2025-05-24 18:57:45,067 - INFO - 정책 업데이트: 우먼업 인턴십
2025-05-24 18:57:45,067 - INFO - 정책 업데이트: 육아전문가 양육코칭
2025-05-24 18:57:45,068 - INFO - 정책 업데이트: 만0~5세 보육료
2025-05-24 18:57:45,069 - INFO - 정책 업데이트: 서울장난감도서관
2025-05-24 18:57:45,071 - INFO - 정책 업데이트: 서울형 0세 전담반 어린이집
2025-05-24 18:57:45,072 - INFO - 정책 업데이트: 1인 자영업자 등 임산부 출산급여 지원
2025-05-24 18:57:45,073 - INFO - 정책 업데이트: 한부모가족복지시설 퇴소자 자립 강화
2025-05-24 18:57:45,074 - INFO - 정책 업데이트: 어린이집 석식 지원
2025-05-24 18:57:45,076 - INFO - 정책 업데이트: 장애아 보육료
2025-05-24 18:57:45,076 - INFO - 정책 업데이트: 공동육아나눔터
2025-05-24 18:57:45,077 - INFO - 정책 업데이트: 다태아 자녀안심 보험 지원
2025-05-24 18:57:45,078 - INFO - 정책 업데이트: 등하원 아이돌봄서비스
2025-05-24 18:57:45,079 - INFO - 정책 업데이트: 우먼업 구직활동지원금
2025-05-24 18:57:45,079 - INFO - 정책 업데이트: 시간제 아이돌봄 서비스
2025-05-24 18:57:45,080 - INFO - 정책 업데이트: 청년, 건강한 밥상
2025-05-24 18:57:45,081 - INFO - 정책 업데이트: 생명탄생 축하사진 공모
2025-05-24 18:57:45,081 - INFO - 정책 업데이트: 우리동네키움센터 긴급·일시돌봄
2025-05-24 18:57:45,082 - INFO - 정책 업데이트: 영아종일제 아이돌봄 서비스
2025-05-24 18:57:45,083 - INFO - 정책 업데이트: 다문화엄마학교 운영
2025-05-24 18:57:45,083 - INFO - 정책 업데이트: 서울형 일‧생활 균형 3종 패키지
2025-05-24 18:57:45,084 - INFO - 정책 업데이트: 1인 자영업자 등 배우자 출산휴가급여 지원
2025-05-24 18:57:45,085 - INFO - 정책 업데이트: 영아 전담 아이돌봄서비스
2025-05-24 18:57:45,086 - INFO - 정책 업데이트: 등하원 전담 아이돌봄서비스
2025-05-24 18:57:45,087 - INFO - 정책 업데이트: 국공립어린이집
2025-05-24 18:57:45,089 - INFO - 정책 업데이트: 서울형어린이집
2025-05-24 18:57:45,090 - INFO - 정책 업데이트: 공동육아방
2025-05-24 18:57:45,091 - INFO - 정책 업데이트: 키움센터 아픈아이 일시돌봄･병원동행
2025-05-24 18:57:45,092 - INFO - 정책 업데이트: 청소년 한부모 양육비 지원 확대
2025-05-24 18:57:45,093 - INFO - 정책 업데이트: 지역아동센터 긴급·일시돌봄
2025-05-24 18:57:45,101 - INFO - 정책 업데이트: 한부모가족 가사지원서비스 확대
2025-05-24 18:57:45,107 - INFO - 정책 업데이트: 미혼모․부 양육 코칭 지원
2025-05-24 18:57:45,111 - INFO - 정책 업데이트: 양육비 지원 확대
2025-05-24 18:57:45,112 - INFO - 정책 업데이트: 서울형 아침돌봄 키움센터
2025-05-24 18:57:45,113 - INFO - 정책 업데이트: 한부모가족 자녀 교통비/교육비 지원 확대
2025-05-24 18:57:45,114 - INFO - 정책 업데이트: 미혼부 양육비 신청 절차 간소화
2025-05-24 18:57:45,114 - INFO - 정책 업데이트: 다문화가족 자녀 언어지도
2025-05-24 18:57:45,115 - INFO - 정책 업데이트: 미혼모․부 자녀 양육 지원
2025-05-24 18:57:45,116 - INFO - 정책 업데이트: 세자녀 가구 둘째부터 서울런 이용
2025-05-24 18:57:45,117 - INFO - 정책 업데이트: 산모·신생아 건강관리 본인부담금 신청
2025-05-24 18:57:45,118 - INFO - 정책 업데이트: 서울런
2025-05-24 18:57:45,119 - INFO - 정책 업데이트: 임산부 배려공간 조성
2025-05-24 18:57:45,121 - INFO - 정책 업데이트: 방과후 보육료
2025-05-24 18:57:45,122 - INFO - 정책 업데이트: 양육친화적 기업문화정착
2025-05-24 18:57:45,123 - INFO - 정책 업데이트: 결혼 공감 토크 콘서트
2025-05-24 18:57:45,124 - INFO - 정책 업데이트: 외국인 가사(육아)인력 시범사업
2025-05-24 18:57:45,125 - INFO - 정책 업데이트: 서울시 중소기업 워라밸 포인트제
2025-05-24 18:57:45,126 - INFO - 정책 업데이트: 서울형 산후조리경비 지원
2025-05-24 18:57:45,127 - INFO - 정책 업데이트: 서울시 주요시설을 활용한 결혼식 사업
2025-05-24 18:57:45,128 - INFO - 정책 업데이트: 서울엄마아빠택시
2025-05-24 18:57:45,129 - INFO - 정책 업데이트: 전세보증금 반환보증 보증료 지원
2025-05-24 18:57:45,130 - INFO - 정책 업데이트: 임산부 교통비 지원
2025-05-24 18:57:45,130 - INFO - 정책 업데이트: 우먼업 구직지원금
2025-05-24 18:57:45,131 - INFO - 정책 업데이트: 서울형 키즈카페
2025-05-24 18:57:45,132 - INFO - 정책 업데이트: 가정행복 도시락·밀키트·먹거리 할인
2025-05-24 18:57:45,132 - INFO - 정책 업데이트: 둘째 출산시 첫째아이 돌봄지원
2025-05-24 18:57:45,133 - INFO - 정책 업데이트: 서울형 시간제 전문 어린이집
2025-05-24 18:57:45,134 - INFO - 정책 업데이트: 탄생응원 서울축제
2025-05-24 18:57:45,135 - INFO - 정책 업데이트: 어린이집 영유아 방문건강관리 서비스 지원
2025-05-24 18:57:45,136 - INFO - 정책 업데이트: 신혼부부 임차보증금 이자 지원
2025-05-24 18:57:45,137 - INFO - 정책 업데이트: 서울형 아이돌봄비 지원
2025-05-24 18:57:45,138 - INFO - 정책 업데이트: 청년 1인가구 소셜다이닝, 건강한 밥상
2025-05-24 18:57:45,139 - INFO - 정책 업데이트: 질병감염 아동돌봄 서비스
2025-05-24 18:57:45,140 - INFO - 정책 업데이트: 임산부 출산급여 지원
2025-05-24 18:57:45,141 - INFO - 정책 업데이트: 배우자 출산휴가 지원금
2025-05-24 18:57:45,143 - INFO - 정책 업데이트: 그 밖의 연장형 보육료 등
2025-05-24 18:57:45,144 - INFO - 정책 업데이트: 아동수당
2025-05-24 18:57:45,145 - INFO - 정책 업데이트: 서울엄마아빠VIP존
2025-05-24 18:57:45,145 - INFO - 정책 업데이트: 행복맘 지원 손목닥터9988 운영
2025-05-24 18:57:45,146 - INFO - 정책 업데이트: 청소년부모 청년취업사관학교 교육과정 우선선발
2025-05-24 18:57:45,147 - INFO - 정책 업데이트: 서울엄마아빠 행복축제
2025-05-24 18:57:45,147 - INFO - 정책 업데이트: 청년공감 릴레이 토크 콘서트
2025-05-24 18:57:45,148 - INFO - 정책 업데이트: 공공공간 활용 나만의 결혼식
2025-05-24 18:57:45,149 - INFO - 정책 업데이트: 1인 자영업자·프리랜서 임산부 출산급여 지원
2025-05-24 18:57:45,149 - INFO - 정책 업데이트: 1인 자영업자·프리랜서 배우자 출산휴가 지원금
2025-05-24 18:57:45,153 - INFO - 
DB 저장 완료:
- 신규 정책: 0개
- 실제 업데이트: 142개  
- 변경 없음: 0개

2025-05-24 18:57:45,154 - INFO - 업데이트된 정책 목록:
2025-05-24 18:57:45,154 - INFO -   - 서울키즈 오케이존 (놀이·외출지원)
2025-05-24 18:57:45,154 - INFO -   - 서울맘 찾아가는 행복 수유 지원(사업종료) (수유지원)
2025-05-24 18:57:45,155 - INFO -   - 서울시 남녀 임신준비 지원(건강관리 프로그램)(사업종료) (임신준비지원)
2025-05-24 18:57:45,155 - INFO -   - 서울시 난임·임산부심리상담센터 운영 (건강지원)
2025-05-24 18:57:45,155 - INFO -   - 35세 이상 임산부 외래 진료 및 검사비 지원 (임산부 지원 강화)
2025-05-24 18:57:45,155 - INFO -   - 35세 이상 임산부 의료비 지원 (의·약비지원)
2025-05-24 18:57:45,156 - INFO -   - 산모·신생아 건강관리 서비스 지원 (급여·바우처)
2025-05-24 18:57:45,156 - INFO -   - 산후 우울증 정신건강 서비스 (건강지원)
2025-05-24 18:57:45,156 - INFO -   - 서울형 강소기업 지원 (일자리지원)
2025-05-24 18:57:45,156 - INFO -   - 초등돌봄시설 공공성 강화(지역아동센터) (돌봄인프라)
2025-05-24 18:57:45,156 - INFO -   ... 외 132개 더
2025-05-24 18:57:45,157 - INFO - 
=== 정책 동기화 완료 ===
소요 시간: 1.0초
처리된 정책: 142개
신규 정책: 0개 (실제 새로운 정책)
실제 업데이트: 142개 (내용이 변경된 정책)
변경 없음: 0개

2025-05-24 19:15:01,254 - INFO - === 정책 동기화 시작 ===
2025-05-24 19:15:01,254 - INFO - 서울시 API에서 정책 데이터 가져오기 시작...
2025-05-24 19:15:01,423 - INFO - 총 정책 개수: 142
2025-05-24 19:15:01,424 - INFO - 100개 데이터 추가됨 (현재까지 100개)
2025-05-24 19:15:02,057 - INFO - 42개 데이터 추가됨 (현재까지 142개)
2025-05-24 19:15:02,057 - INFO - 데이터 가져오기 완료. 총 142개
2025-05-24 19:15:02,119 - INFO - DB 저장 시작... (142개)
2025-05-24 19:15:02,126 - INFO - 기존 정책 0개 조회됨
2025-05-24 19:15:02,137 - INFO - 신규 정책 추가: 서울키즈 오케이존
2025-05-24 19:15:02,139 - INFO - 신규 정책 추가: 서울맘 찾아가는 행복 수유 지원(사업종료)
2025-05-24 19:15:02,140 - INFO - 신규 정책 추가: 서울시 남녀 임신준비 지원(건강관리 프로그램)(사업종료)
2025-05-24 19:15:02,141 - INFO - 신규 정책 추가: 서울시 난임·임산부심리상담센터 운영
2025-05-24 19:15:02,141 - INFO - 신규 정책 추가: 35세 이상 임산부 외래 진료 및 검사비 지원
2025-05-24 19:15:02,143 - INFO - 신규 정책 추가: 35세 이상 임산부 의료비 지원
2025-05-24 19:15:02,143 - INFO - 신규 정책 추가: 산모·신생아 건강관리 서비스 지원
2025-05-24 19:15:02,144 - INFO - 신규 정책 추가: 산후 우울증 정신건강 서비스
2025-05-24 19:15:02,145 - INFO - 신규 정책 추가: 서울형 강소기업 지원
2025-05-24 19:15:02,146 - INFO - 신규 정책 추가: 초등돌봄시설 공공성 강화(지역아동센터)
2025-05-24 19:15:02,146 - INFO - 신규 정책 추가: 부모급여
2025-05-24 19:15:02,147 - INFO - 신규 정책 추가: 가족배려주차장
2025-05-24 19:15:02,148 - INFO - 신규 정책 추가: 서울맘 찾아가는 행복 수유 지원
2025-05-24 19:15:02,149 - INFO - 신규 정책 추가: 서울아기 건강 첫걸음
2025-05-24 19:15:02,149 - INFO - 신규 정책 추가: 서울형 新일‧생활 균형 3종 패키지
2025-05-24 19:15:02,150 - INFO - 신규 정책 추가: 육아 지원 코디네이터 운영(사업종료)
2025-05-24 19:15:02,151 - INFO - 신규 정책 추가: 결혼 공감 토크 콘서트(사업종료)
2025-05-24 19:15:02,152 - INFO - 신규 정책 추가: 서울키즈오케이존
2025-05-24 19:15:02,153 - INFO - 신규 정책 추가: 난임부부 지원
2025-05-24 19:15:02,155 - INFO - 신규 정책 추가: 엄마 북(Book)돋움 사업
2025-05-24 19:15:02,156 - INFO - 신규 정책 추가: 우먼업 고용촉진지원금
2025-05-24 19:15:02,156 - INFO - 신규 정책 추가: 서울형 난임부부 시술비 지원
2025-05-24 19:15:02,157 - INFO - 신규 정책 추가: 거점형 야간보육
2025-05-24 19:15:02,157 - INFO - 신규 정책 추가: 우리동네키움센터
2025-05-24 19:15:02,158 - INFO - 신규 정책 추가: 서울 난자동결 시술 비용 지원
2025-05-24 19:15:02,159 - INFO - 신규 정책 추가: 서울아이발달지원센터
2025-05-24 19:15:02,159 - INFO - 신규 정책 추가: 서울시 북스타트 엄마 북(Book)돋움 사업
2025-05-24 19:15:02,161 - INFO - 신규 정책 추가: 서울형 강소기업 지원(사업종료)
2025-05-24 19:15:02,161 - INFO - 신규 정책 추가: 우먼업 고용장려금
2025-05-24 19:15:02,162 - INFO - 신규 정책 추가: 가정행복 도시락·밀키트 할인
2025-05-24 19:15:02,163 - INFO - 신규 정책 추가: 엄마아빠 힐링 문화 프로그램
2025-05-24 19:15:02,163 - INFO - 신규 정책 추가: 병원동행 아이돌봄서비스
2025-05-24 19:15:02,167 - INFO - 신규 정책 추가: 다태아 안심 보험 지원
2025-05-24 19:15:02,168 - INFO - 신규 정책 추가: 서울형 산모 산후조리경비 지원
2025-05-24 19:15:02,169 - INFO - 신규 정책 추가: 지역아동센터
2025-05-24 19:15:02,170 - INFO - 신규 정책 추가: 첫만남이용권
2025-05-24 19:15:02,171 - INFO - 신규 정책 추가: 서울형모아어린이집
2025-05-24 19:15:02,172 - INFO - 신규 정책 추가: 시간제 보육
2025-05-24 19:15:02,173 - INFO - 신규 정책 추가: 정·난관 복원 시술비 지원
2025-05-24 19:15:02,174 - INFO - 신규 정책 추가: 가정양육수당
2025-05-24 19:15:02,175 - INFO - 신규 정책 추가: 육아휴직장려금
2025-05-24 19:15:02,177 - INFO - 신규 정책 추가: 병원동행 전담 아이돌봄서비스
2025-05-24 19:15:02,177 - INFO - 신규 정책 추가: 외국인 가사관리사 시범사업(연장)
2025-05-24 19:15:02,178 - INFO - 신규 정책 추가: 서울권역 난임·우울증 상담센터 운영
2025-05-24 19:15:02,179 - INFO - 신규 정책 추가: 서울형 육아휴직장려금
2025-05-24 19:15:02,181 - INFO - 신규 정책 추가: 아픈아이 전담 아이돌봄서비스
2025-05-24 19:15:02,181 - INFO - 신규 정책 추가: 외국인 가사관리사 시범사업
2025-05-24 19:15:02,182 - INFO - 신규 정책 추가: 양육코칭센터
2025-05-24 19:15:02,182 - INFO - 신규 정책 추가: 우리동네키움센터 방학중 중식 무료제공
2025-05-24 19:15:02,183 - INFO - 신규 정책 추가: 다문화 보육료
2025-05-24 19:15:02,183 - INFO - 신규 정책 추가: 탄생응원 서울축제(2024년)
2025-05-24 19:15:02,184 - INFO - 신규 정책 추가: 다둥이 행복카드
2025-05-24 19:15:02,185 - INFO - 신규 정책 추가: 서울형 가사서비스
2025-05-24 19:15:02,186 - INFO - 신규 정책 추가: 365열린어린이집
2025-05-24 19:15:02,187 - INFO - 신규 정책 추가: 시간제 보육 (정부형)
2025-05-24 19:15:02,188 - INFO - 신규 정책 추가: 청소년 부모 양육비 지원 확대
2025-05-24 19:15:02,190 - INFO - 신규 정책 추가: 서울시 소상공인 휴업손실비용 지원사업
2025-05-24 19:15:02,191 - INFO - 신규 정책 추가: 가족화장실
2025-05-24 19:15:02,192 - INFO - 신규 정책 추가: 35세 이상 산모 검사비 지원
2025-05-24 19:15:02,192 - INFO - 신규 정책 추가: 서울시 남녀 임신준비 지원(건강관리 프로그램)
2025-05-24 19:15:02,193 - INFO - 신규 정책 추가: 서울시 한의약 난임치료 지원
2025-05-24 19:15:02,194 - INFO - 신규 정책 추가: 주말어린이집
2025-05-24 19:15:02,195 - INFO - 신규 정책 추가: 엄마 북돋움
2025-05-24 19:15:02,196 - INFO - 신규 정책 추가: 행복맘 지원 건강 플랫폼 운영
2025-05-24 19:15:02,197 - INFO - 신규 정책 추가: 육아 지원 코디네이터 운영
2025-05-24 19:15:02,198 - INFO - 신규 정책 추가: 휴일보육
2025-05-24 19:15:02,198 - INFO - 신규 정책 추가: 초등돌봄교실
2025-05-24 19:15:02,199 - INFO - 신규 정책 추가: 자녀출산 무주택가구 주거비 지원
2025-05-24 19:15:02,199 - INFO - 신규 정책 추가: 우먼업 인턴십
2025-05-24 19:15:02,200 - INFO - 신규 정책 추가: 육아전문가 양육코칭
2025-05-24 19:15:02,201 - INFO - 신규 정책 추가: 만0~5세 보육료
2025-05-24 19:15:02,202 - INFO - 신규 정책 추가: 서울장난감도서관
2025-05-24 19:15:02,203 - INFO - 신규 정책 추가: 서울형 0세 전담반 어린이집
2025-05-24 19:15:02,205 - INFO - 신규 정책 추가: 1인 자영업자 등 임산부 출산급여 지원
2025-05-24 19:15:02,206 - INFO - 신규 정책 추가: 한부모가족복지시설 퇴소자 자립 강화
2025-05-24 19:15:02,207 - INFO - 신규 정책 추가: 어린이집 석식 지원
2025-05-24 19:15:02,207 - INFO - 신규 정책 추가: 장애아 보육료
2025-05-24 19:15:02,208 - INFO - 신규 정책 추가: 공동육아나눔터
2025-05-24 19:15:02,208 - INFO - 신규 정책 추가: 다태아 자녀안심 보험 지원
2025-05-24 19:15:02,209 - INFO - 신규 정책 추가: 등하원 아이돌봄서비스
2025-05-24 19:15:02,210 - INFO - 신규 정책 추가: 우먼업 구직활동지원금
2025-05-24 19:15:02,211 - INFO - 신규 정책 추가: 시간제 아이돌봄 서비스
2025-05-24 19:15:02,211 - INFO - 신규 정책 추가: 청년, 건강한 밥상
2025-05-24 19:15:02,212 - INFO - 신규 정책 추가: 생명탄생 축하사진 공모
2025-05-24 19:15:02,212 - INFO - 신규 정책 추가: 우리동네키움센터 긴급·일시돌봄
2025-05-24 19:15:02,213 - INFO - 신규 정책 추가: 영아종일제 아이돌봄 서비스
2025-05-24 19:15:02,214 - INFO - 신규 정책 추가: 다문화엄마학교 운영
2025-05-24 19:15:02,215 - INFO - 신규 정책 추가: 서울형 일‧생활 균형 3종 패키지
2025-05-24 19:15:02,216 - INFO - 신규 정책 추가: 1인 자영업자 등 배우자 출산휴가급여 지원
2025-05-24 19:15:02,217 - INFO - 신규 정책 추가: 영아 전담 아이돌봄서비스
2025-05-24 19:15:02,217 - INFO - 신규 정책 추가: 등하원 전담 아이돌봄서비스
2025-05-24 19:15:02,218 - INFO - 신규 정책 추가: 국공립어린이집
2025-05-24 19:15:02,219 - INFO - 신규 정책 추가: 서울형어린이집
2025-05-24 19:15:02,220 - INFO - 신규 정책 추가: 공동육아방
2025-05-24 19:15:02,221 - INFO - 신규 정책 추가: 키움센터 아픈아이 일시돌봄･병원동행
2025-05-24 19:15:02,221 - INFO - 신규 정책 추가: 청소년 한부모 양육비 지원 확대
2025-05-24 19:15:02,222 - INFO - 신규 정책 추가: 지역아동센터 긴급·일시돌봄
2025-05-24 19:15:02,223 - INFO - 신규 정책 추가: 한부모가족 가사지원서비스 확대
2025-05-24 19:15:02,224 - INFO - 신규 정책 추가: 미혼모․부 양육 코칭 지원
2025-05-24 19:15:02,225 - INFO - 신규 정책 추가: 양육비 지원 확대
2025-05-24 19:15:02,225 - INFO - 신규 정책 추가: 서울형 아침돌봄 키움센터
2025-05-24 19:15:02,226 - INFO - 신규 정책 추가: 한부모가족 자녀 교통비/교육비 지원 확대
2025-05-24 19:15:02,226 - INFO - 신규 정책 추가: 미혼부 양육비 신청 절차 간소화
2025-05-24 19:15:02,227 - INFO - 신규 정책 추가: 다문화가족 자녀 언어지도
2025-05-24 19:15:02,228 - INFO - 신규 정책 추가: 미혼모․부 자녀 양육 지원
2025-05-24 19:15:02,228 - INFO - 신규 정책 추가: 세자녀 가구 둘째부터 서울런 이용
2025-05-24 19:15:02,229 - INFO - 신규 정책 추가: 산모·신생아 건강관리 본인부담금 신청
2025-05-24 19:15:02,229 - INFO - 신규 정책 추가: 서울런
2025-05-24 19:15:02,230 - INFO - 신규 정책 추가: 임산부 배려공간 조성
2025-05-24 19:15:02,231 - INFO - 신규 정책 추가: 방과후 보육료
2025-05-24 19:15:02,231 - INFO - 신규 정책 추가: 양육친화적 기업문화정착
2025-05-24 19:15:02,232 - INFO - 신규 정책 추가: 결혼 공감 토크 콘서트
2025-05-24 19:15:02,232 - INFO - 신규 정책 추가: 외국인 가사(육아)인력 시범사업
2025-05-24 19:15:02,233 - INFO - 신규 정책 추가: 서울시 중소기업 워라밸 포인트제
2025-05-24 19:15:02,233 - INFO - 신규 정책 추가: 서울형 산후조리경비 지원
2025-05-24 19:15:02,235 - INFO - 신규 정책 추가: 서울시 주요시설을 활용한 결혼식 사업
2025-05-24 19:15:02,236 - INFO - 신규 정책 추가: 서울엄마아빠택시
2025-05-24 19:15:02,236 - INFO - 신규 정책 추가: 전세보증금 반환보증 보증료 지원
2025-05-24 19:15:02,237 - INFO - 신규 정책 추가: 임산부 교통비 지원
2025-05-24 19:15:02,238 - INFO - 신규 정책 추가: 우먼업 구직지원금
2025-05-24 19:15:02,239 - INFO - 신규 정책 추가: 서울형 키즈카페
2025-05-24 19:15:02,241 - INFO - 신규 정책 추가: 가정행복 도시락·밀키트·먹거리 할인
2025-05-24 19:15:02,242 - INFO - 신규 정책 추가: 둘째 출산시 첫째아이 돌봄지원
2025-05-24 19:15:02,243 - INFO - 신규 정책 추가: 서울형 시간제 전문 어린이집
2025-05-24 19:15:02,244 - INFO - 신규 정책 추가: 탄생응원 서울축제
2025-05-24 19:15:02,244 - INFO - 신규 정책 추가: 어린이집 영유아 방문건강관리 서비스 지원
2025-05-24 19:15:02,246 - INFO - 신규 정책 추가: 신혼부부 임차보증금 이자 지원
2025-05-24 19:15:02,247 - INFO - 신규 정책 추가: 서울형 아이돌봄비 지원
2025-05-24 19:15:02,247 - INFO - 신규 정책 추가: 청년 1인가구 소셜다이닝, 건강한 밥상
2025-05-24 19:15:02,248 - INFO - 신규 정책 추가: 질병감염 아동돌봄 서비스
2025-05-24 19:15:02,249 - INFO - 신규 정책 추가: 임산부 출산급여 지원
2025-05-24 19:15:02,251 - INFO - 신규 정책 추가: 배우자 출산휴가 지원금
2025-05-24 19:15:02,251 - INFO - 신규 정책 추가: 그 밖의 연장형 보육료 등
2025-05-24 19:15:02,252 - INFO - 신규 정책 추가: 아동수당
2025-05-24 19:15:02,254 - INFO - 신규 정책 추가: 서울엄마아빠VIP존
2025-05-24 19:15:02,255 - INFO - 신규 정책 추가: 행복맘 지원 손목닥터9988 운영
2025-05-24 19:15:02,256 - INFO - 신규 정책 추가: 청소년부모 청년취업사관학교 교육과정 우선선발
2025-05-24 19:15:02,257 - INFO - 신규 정책 추가: 서울엄마아빠 행복축제
2025-05-24 19:15:02,257 - INFO - 신규 정책 추가: 청년공감 릴레이 토크 콘서트
2025-05-24 19:15:02,258 - INFO - 신규 정책 추가: 공공공간 활용 나만의 결혼식
2025-05-24 19:15:02,259 - INFO - 신규 정책 추가: 1인 자영업자·프리랜서 임산부 출산급여 지원
2025-05-24 19:15:02,260 - INFO - 신규 정책 추가: 1인 자영업자·프리랜서 배우자 출산휴가 지원금
2025-05-24 19:15:02,262 - INFO - 
DB 저장 완료:
- 신규 정책: 142개
- 실제 업데이트: 0개  
- 변경 없음: 0개

2025-05-24 19:15:02,263 - INFO - 신규 정책 목록:
2025-05-24 19:15:02,263 - INFO -   - 서울키즈 오케이존 (놀이·외출지원)
2025-05-24 19:15:02,263 - INFO -   - 서울맘 찾아가는 행복 수유 지원(사업종료) (수유지원)
2025-05-24 19:15:02,263 - INFO -   - 서울시 남녀 임신준비 지원(건강관리 프로그램)(사업종료) (임신준비지원)
2025-05-24 19:15:02,264 - INFO -   - 서울시 난임·임산부심리상담센터 운영 (건강지원)
2025-05-24 19:15:02,264 - INFO -   - 35세 이상 임산부 외래 진료 및 검사비 지원 (임산부 지원 강화)
2025-05-24 19:15:02,264 - INFO -   ... 외 137개 더
2025-05-24 19:15:02,265 - INFO - 
=== 정책 동기화 완료 ===
소요 시간: 1.0초
처리된 정책: 142개
신규 정책: 142개
실제 업데이트: 0개
변경 없음: 0개

2025-05-24 19:15:15,290 - INFO - === 정책 동기화 시작 ===
2025-05-24 19:15:15,291 - INFO - 서울시 API에서 정책 데이터 가져오기 시작...
2025-05-24 19:15:15,464 - INFO - 총 정책 개수: 142
2025-05-24 19:15:15,465 - INFO - 100개 데이터 추가됨 (현재까지 100개)
2025-05-24 19:15:16,142 - INFO - 42개 데이터 추가됨 (현재까지 142개)
2025-05-24 19:15:16,143 - INFO - 데이터 가져오기 완료. 총 142개
2025-05-24 19:15:16,208 - INFO - DB 저장 시작... (142개)
2025-05-24 19:15:16,218 - INFO - 기존 정책 142개 조회됨
2025-05-24 19:15:16,223 - INFO - 
DB 저장 완료:
- 신규 정책: 0개
- 실제 업데이트: 0개  
- 변경 없음: 142개

2025-05-24 19:15:16,224 - INFO - 
=== 정책 동기화 완료 ===
소요 시간: 0.9초
처리된 정책: 142개
신규 정책: 0개
실제 업데이트: 0개
변경 없음: 142개

