2025-05-24 18:45:08,899 - INFO - 자동 스케줄링 설정 완료:
2025-05-24 18:45:08,899 - INFO - 자동 동기화 백그라운드 스레드 시작됨
2025-05-24 18:45:08,900 - INFO - - 매일 오전 6시 정책 동기화
2025-05-24 18:45:08,900 - INFO - - 매주 월요일 오전 9시 정책 동기화
2025-05-24 18:45:08,939 - INFO - [31m[1mWARNING: This is a development server. Do not use it in a production deployment. Use a production WSGI server instead.[0m
 * Running on http://127.0.0.1:5001
2025-05-24 18:45:08,940 - INFO - [33mPress CTRL+C to quit[0m
2025-05-24 18:45:08,942 - INFO -  * Restarting with stat
2025-05-24 18:45:10,998 - INFO - 자동 스케줄링 설정 완료:
2025-05-24 18:45:10,998 - INFO - 자동 동기화 백그라운드 스레드 시작됨
2025-05-24 18:45:10,998 - INFO - - 매일 오전 6시 정책 동기화
2025-05-24 18:45:10,999 - INFO - - 매주 월요일 오전 9시 정책 동기화
2025-05-24 18:45:11,012 - WARNING -  * Debugger is active!
2025-05-24 18:45:11,023 - INFO -  * Debugger PIN: 835-626-981
2025-05-24 18:45:43,568 - INFO - === 정책 동기화 시작 ===
2025-05-24 18:45:43,569 - INFO - 서울시 API에서 정책 데이터 가져오기 시작...
2025-05-24 18:45:43,788 - INFO - 총 정책 개수: 142
2025-05-24 18:45:43,788 - INFO - 100개 데이터 추가됨 (현재까지 100개)
2025-05-24 18:45:44,443 - INFO - 42개 데이터 추가됨 (현재까지 142개)
2025-05-24 18:45:44,444 - INFO - 데이터 가져오기 완료. 총 142개
2025-05-24 18:45:44,636 - INFO - DB 저장 시작... (142개)
2025-05-24 18:45:44,858 - INFO - 
DB 저장 완료:
- 신규 정책: 0개
- 업데이트: 142개  
- 변경 없음: 0개

2025-05-24 18:45:44,861 - INFO - 
=== 정책 동기화 완료 ===
소요 시간: 1.3초
처리된 정책: 142개
신규 정책: 0개
업데이트: 142개

2025-05-24 18:45:44,904 - INFO - 127.0.0.1 - - [24/May/2025 18:45:44] "POST /api/sync-policies HTTP/1.1" 200 -
2025-05-24 18:45:45,984 - INFO - 127.0.0.1 - - [24/May/2025 18:45:45] "GET /api/recent-policies?days=1&limit=15 HTTP/1.1" 200 -
2025-05-24 18:46:57,887 - INFO - 127.0.0.1 - - [24/May/2025 18:46:57] "GET /api/recent-policies?days=7&limit=15 HTTP/1.1" 200 -
2025-05-24 18:47:05,505 - INFO - 127.0.0.1 - - [24/May/2025 18:47:05] "GET /api/policy/1 HTTP/1.1" 200 -
2025-05-24 18:47:23,332 - INFO - 127.0.0.1 - - [24/May/2025 18:47:23] "GET /api/policy/2 HTTP/1.1" 200 -
2025-05-24 18:51:21,681 - INFO -  * Detected change in 'E:\\aibbot_test\\aibbot\\sync_data.py', reloading
2025-05-24 18:51:22,072 - INFO -  * Restarting with stat
2025-05-24 18:51:25,125 - INFO - 자동 스케줄링 설정 완료:
2025-05-24 18:51:25,125 - INFO - 자동 동기화 백그라운드 스레드 시작됨
2025-05-24 18:51:25,126 - INFO - - 매일 오전 6시 정책 동기화
2025-05-24 18:51:25,126 - INFO - - 매주 월요일 오전 9시 정책 동기화
2025-05-24 18:51:25,154 - WARNING -  * Debugger is active!
2025-05-24 18:51:25,168 - INFO -  * Debugger PIN: 835-626-981
2025-05-24 18:58:09,562 - INFO - 자동 스케줄링 설정 완료:
2025-05-24 18:58:09,562 - INFO - 자동 동기화 백그라운드 스레드 시작됨
2025-05-24 18:58:09,563 - INFO - - 매일 오전 6시 정책 동기화
2025-05-24 18:58:09,563 - INFO - - 매주 월요일 오전 9시 정책 동기화
2025-05-24 18:58:09,590 - INFO - [31m[1mWARNING: This is a development server. Do not use it in a production deployment. Use a production WSGI server instead.[0m
 * Running on http://127.0.0.1:5001
2025-05-24 18:58:09,590 - INFO - [33mPress CTRL+C to quit[0m
2025-05-24 18:58:09,593 - INFO -  * Restarting with stat
2025-05-24 18:58:11,494 - INFO - 자동 스케줄링 설정 완료:
2025-05-24 18:58:11,494 - INFO - 자동 동기화 백그라운드 스레드 시작됨
2025-05-24 18:58:11,494 - INFO - - 매일 오전 6시 정책 동기화
2025-05-24 18:58:11,495 - INFO - - 매주 월요일 오전 9시 정책 동기화
2025-05-24 18:58:11,510 - WARNING -  * Debugger is active!
2025-05-24 18:58:11,520 - INFO -  * Debugger PIN: 835-626-981
2025-05-24 18:58:21,623 - INFO - 127.0.0.1 - - [24/May/2025 18:58:21] "GET /api/recent-policies?days=7&limit=15 HTTP/1.1" 200 -
2025-05-24 18:58:28,138 - INFO - 127.0.0.1 - - [24/May/2025 18:58:28] "GET /api/recent-policies?days=7&limit=15 HTTP/1.1" 200 -
2025-05-24 18:58:38,246 - INFO - === 정책 동기화 시작 ===
2025-05-24 18:58:38,246 - INFO - 서울시 API에서 정책 데이터 가져오기 시작...
2025-05-24 18:58:38,415 - INFO - 총 정책 개수: 142
2025-05-24 18:58:38,415 - INFO - 100개 데이터 추가됨 (현재까지 100개)
2025-05-24 18:58:39,092 - INFO - 42개 데이터 추가됨 (현재까지 142개)
2025-05-24 18:58:39,093 - INFO - 데이터 가져오기 완료. 총 142개
2025-05-24 18:58:39,104 - INFO - DB 저장 시작... (142개)
2025-05-24 18:58:39,122 - INFO - 기존 정책 142개 조회됨
2025-05-24 18:58:39,126 - INFO - 
DB 저장 완료:
- 신규 정책: 0개
- 실제 업데이트: 0개  
- 변경 없음: 142개

2025-05-24 18:58:39,128 - INFO - 
=== 정책 동기화 완료 ===
소요 시간: 0.9초
처리된 정책: 142개
신규 정책: 0개 (실제 새로운 정책)
실제 업데이트: 0개 (내용이 변경된 정책)
변경 없음: 142개

2025-05-24 18:58:39,166 - INFO - 127.0.0.1 - - [24/May/2025 18:58:39] "POST /api/sync-policies HTTP/1.1" 200 -
2025-05-24 18:58:40,210 - INFO - 127.0.0.1 - - [24/May/2025 18:58:40] "GET /api/recent-policies?days=1&limit=15 HTTP/1.1" 200 -
2025-05-24 18:59:51,926 - INFO - 127.0.0.1 - - [24/May/2025 18:59:51] "GET /api/recent-policies?days=7&limit=15 HTTP/1.1" 200 -
2025-05-24 19:00:20,294 - INFO - === 정책 동기화 시작 ===
2025-05-24 19:00:20,295 - INFO - 서울시 API에서 정책 데이터 가져오기 시작...
2025-05-24 19:00:21,746 - INFO - 총 정책 개수: 142
2025-05-24 19:00:21,747 - INFO - 100개 데이터 추가됨 (현재까지 100개)
2025-05-24 19:00:23,465 - INFO - 42개 데이터 추가됨 (현재까지 142개)
2025-05-24 19:00:23,465 - INFO - 데이터 가져오기 완료. 총 142개
2025-05-24 19:00:23,476 - INFO - DB 저장 시작... (142개)
2025-05-24 19:00:23,486 - INFO - 기존 정책 142개 조회됨
2025-05-24 19:00:23,488 - INFO - 
DB 저장 완료:
- 신규 정책: 0개
- 실제 업데이트: 0개  
- 변경 없음: 142개

2025-05-24 19:00:23,489 - INFO - 
=== 정책 동기화 완료 ===
소요 시간: 3.2초
처리된 정책: 142개
신규 정책: 0개 (실제 새로운 정책)
실제 업데이트: 0개 (내용이 변경된 정책)
변경 없음: 142개

2025-05-24 19:00:23,516 - INFO - 127.0.0.1 - - [24/May/2025 19:00:23] "POST /api/sync-policies HTTP/1.1" 200 -
2025-05-24 19:00:24,575 - INFO - 127.0.0.1 - - [24/May/2025 19:00:24] "GET /api/recent-policies?days=1&limit=15 HTTP/1.1" 200 -
2025-05-24 19:03:52,688 - INFO -  * Detected change in 'E:\\aibbot_test\\aibbot\\sync_data.py', reloading
2025-05-24 19:03:52,983 - INFO -  * Restarting with stat
2025-05-24 19:03:55,776 - INFO - 자동 스케줄링 설정 완료:
2025-05-24 19:03:55,777 - INFO - 자동 동기화 백그라운드 스레드 시작됨
2025-05-24 19:03:55,777 - INFO - - 매일 오전 6시 정책 동기화
2025-05-24 19:03:55,778 - INFO - - 매주 월요일 오전 9시 정책 동기화
2025-05-24 19:03:55,800 - WARNING -  * Debugger is active!
2025-05-24 19:03:55,811 - INFO -  * Debugger PIN: 835-626-981
2025-05-24 19:05:32,661 - INFO -  * Detected change in 'E:\\aibbot_test\\aibbot\\backend\\app.py', reloading
2025-05-24 19:05:32,771 - INFO -  * Restarting with stat
2025-05-24 19:05:34,915 - INFO - 자동 스케줄링 설정 완료:
2025-05-24 19:05:34,915 - INFO - 자동 동기화 백그라운드 스레드 시작됨
2025-05-24 19:05:34,915 - INFO - - 매일 오전 6시 정책 동기화
2025-05-24 19:05:34,916 - INFO - - 매주 월요일 오전 9시 정책 동기화
2025-05-24 19:05:34,929 - WARNING -  * Debugger is active!
2025-05-24 19:05:34,940 - INFO -  * Debugger PIN: 835-626-981
2025-05-24 19:06:01,286 - INFO -  * Detected change in 'E:\\aibbot_test\\aibbot\\backend\\app.py', reloading
2025-05-24 19:06:01,454 - INFO -  * Restarting with stat
2025-05-24 19:06:03,420 - INFO - 자동 스케줄링 설정 완료:
2025-05-24 19:06:03,420 - INFO - 자동 동기화 백그라운드 스레드 시작됨
2025-05-24 19:06:03,420 - INFO - - 매일 오전 6시 정책 동기화
2025-05-24 19:06:03,421 - INFO - - 매주 월요일 오전 9시 정책 동기화
2025-05-24 19:06:03,435 - WARNING -  * Debugger is active!
2025-05-24 19:06:03,445 - INFO -  * Debugger PIN: 835-626-981
2025-05-24 19:15:46,762 - INFO - 자동 스케줄링 설정 완료:
2025-05-24 19:15:46,762 - INFO - 자동 동기화 백그라운드 스레드 시작됨
2025-05-24 19:15:46,762 - INFO - - 매일 오전 6시 정책 동기화
2025-05-24 19:15:46,763 - INFO - - 매주 월요일 오전 9시 정책 동기화
2025-05-24 19:15:46,799 - INFO - [31m[1mWARNING: This is a development server. Do not use it in a production deployment. Use a production WSGI server instead.[0m
 * Running on http://127.0.0.1:5001
2025-05-24 19:15:46,800 - INFO - [33mPress CTRL+C to quit[0m
2025-05-24 19:15:46,803 - INFO -  * Restarting with stat
2025-05-24 19:15:48,596 - INFO - 자동 스케줄링 설정 완료:
2025-05-24 19:15:48,596 - INFO - 자동 동기화 백그라운드 스레드 시작됨
2025-05-24 19:15:48,596 - INFO - - 매일 오전 6시 정책 동기화
2025-05-24 19:15:48,597 - INFO - - 매주 월요일 오전 9시 정책 동기화
2025-05-24 19:15:48,610 - WARNING -  * Debugger is active!
2025-05-24 19:15:48,622 - INFO -  * Debugger PIN: 835-626-981
2025-05-24 19:21:47,154 - INFO - === 정책 동기화 시작 ===
2025-05-24 19:21:47,155 - INFO - 서울시 API에서 정책 데이터 가져오기 시작...
2025-05-24 19:21:47,325 - INFO - 총 정책 개수: 142
2025-05-24 19:21:47,325 - INFO - 100개 데이터 추가됨 (현재까지 100개)
2025-05-24 19:21:47,973 - INFO - 42개 데이터 추가됨 (현재까지 142개)
2025-05-24 19:21:47,974 - INFO - 데이터 가져오기 완료. 총 142개
2025-05-24 19:21:48,110 - INFO - DB 저장 시작... (142개)
2025-05-24 19:21:48,120 - INFO - 기존 정책 142개 조회됨
2025-05-24 19:21:48,129 - INFO - 
DB 저장 완료:
- 신규 정책: 0개
- 실제 업데이트: 0개  
- 변경 없음: 142개

2025-05-24 19:21:48,130 - INFO - 
=== 정책 동기화 완료 ===
소요 시간: 1.0초
처리된 정책: 142개
신규 정책: 0개
실제 업데이트: 0개
변경 없음: 142개

2025-05-24 19:21:48,132 - INFO - 127.0.0.1 - - [24/May/2025 19:21:48] "POST /api/sync-policies HTTP/1.1" 200 -
2025-05-24 19:21:52,469 - INFO - 127.0.0.1 - - [24/May/2025 19:21:52] "GET /api/recent-policies?days=7&limit=15 HTTP/1.1" 200 -
2025-05-24 19:22:01,343 - INFO - 127.0.0.1 - - [24/May/2025 19:22:01] "GET /api/recent-policies?days=7&limit=15 HTTP/1.1" 200 -
